{"D:\\superheros_app\\server\\src\\app.ts": {"path":"D:\\superheros_app\\server\\src\\app.ts","statementMap":{"0":{"start":{"line":1,"column":0},"end":{"line":1,"column":30}},"1":{"start":{"line":2,"column":0},"end":{"line":2,"column":24}},"2":{"start":{"line":3,"column":0},"end":{"line":3,"column":54}},"3":{"start":{"line":5,"column":12},"end":{"line":5,"column":21}},"4":{"start":{"line":6,"column":0},"end":{"line":6,"column":16}},"5":{"start":{"line":7,"column":0},"end":{"line":7,"column":24}},"6":{"start":{"line":8,"column":0},"end":{"line":8,"column":47}},"7":{"start":{"line":11,"column":0},"end":{"line":11,"column":41}},"8":{"start":{"line":14,"column":0},"end":{"line":14,"column":19}}},"fnMap":{},"branchMap":{},"s":{"0":1,"1":1,"2":1,"3":1,"4":1,"5":1,"6":1,"7":1,"8":1},"f":{},"b":{}}
,"D:\\superheros_app\\server\\src\\controllers\\superheroController.ts": {"path":"D:\\superheros_app\\server\\src\\controllers\\superheroController.ts","statementMap":{"0":{"start":{"line":2,"column":0},"end":{"line":2,"column":42}},"1":{"start":{"line":3,"column":0},"end":{"line":3,"column":20}},"2":{"start":{"line":4,"column":0},"end":{"line":4,"column":24}},"3":{"start":{"line":6,"column":19},"end":{"line":11,"column":1}},"4":{"start":{"line":7,"column":21},"end":{"line":7,"column":63}},"5":{"start":{"line":8,"column":4},"end":{"line":10,"column":7}},"6":{"start":{"line":9,"column":8},"end":{"line":9,"column":74}},"7":{"start":{"line":9,"column":17},"end":{"line":9,"column":74}},"8":{"start":{"line":13,"column":31},"end":{"line":46,"column":1}},"9":{"start":{"line":14,"column":4},"end":{"line":45,"column":5}},"10":{"start":{"line":15,"column":87},"end":{"line":15,"column":95}},"11":{"start":{"line":17,"column":8},"end":{"line":19,"column":9}},"12":{"start":{"line":18,"column":12},"end":{"line":18,"column":80}},"13":{"start":{"line":21,"column":34},"end":{"line":21,"column":71}},"14":{"start":{"line":22,"column":8},"end":{"line":24,"column":9}},"15":{"start":{"line":23,"column":12},"end":{"line":23,"column":81}},"16":{"start":{"line":26,"column":8},"end":{"line":28,"column":9}},"17":{"start":{"line":27,"column":12},"end":{"line":27,"column":80}},"18":{"start":{"line":30,"column":28},"end":{"line":30,"column":104}},"19":{"start":{"line":30,"column":76},"end":{"line":30,"column":103}},"20":{"start":{"line":32,"column":29},"end":{"line":35,"column":10}},"21":{"start":{"line":37,"column":8},"end":{"line":37,"column":34}},"22":{"start":{"line":38,"column":8},"end":{"line":41,"column":11}},"23":{"start":{"line":43,"column":8},"end":{"line":43,"column":29}},"24":{"start":{"line":44,"column":8},"end":{"line":44,"column":91}},"25":{"start":{"line":13,"column":13},"end":{"line":13,"column":31}},"26":{"start":{"line":48,"column":30},"end":{"line":91,"column":1}},"27":{"start":{"line":49,"column":4},"end":{"line":90,"column":5}},"28":{"start":{"line":50,"column":21},"end":{"line":50,"column":60}},"29":{"start":{"line":51,"column":22},"end":{"line":51,"column":62}},"30":{"start":{"line":52,"column":21},"end":{"line":52,"column":39}},"31":{"start":{"line":54,"column":28},"end":{"line":57,"column":38}},"32":{"start":{"line":59,"column":33},"end":{"line":59,"column":65}},"33":{"start":{"line":60,"column":27},"end":{"line":60,"column":62}},"34":{"start":{"line":62,"column":29},"end":{"line":66,"column":11}},"35":{"start":{"line":62,"column":59},"end":{"line":66,"column":10}},"36":{"start":{"line":68,"column":26},"end":{"line":68,"column":30}},"37":{"start":{"line":69,"column":8},"end":{"line":71,"column":9}},"38":{"start":{"line":70,"column":12},"end":{"line":70,"column":77}},"39":{"start":{"line":73,"column":26},"end":{"line":73,"column":30}},"40":{"start":{"line":74,"column":8},"end":{"line":76,"column":9}},"41":{"start":{"line":75,"column":12},"end":{"line":75,"column":77}},"42":{"start":{"line":78,"column":8},"end":{"line":84,"column":11}},"43":{"start":{"line":88,"column":8},"end":{"line":88,"column":29}},"44":{"start":{"line":89,"column":8},"end":{"line":89,"column":85}},"45":{"start":{"line":48,"column":13},"end":{"line":48,"column":30}},"46":{"start":{"line":93,"column":32},"end":{"line":109,"column":1}},"47":{"start":{"line":94,"column":4},"end":{"line":108,"column":5}},"48":{"start":{"line":95,"column":23},"end":{"line":95,"column":33}},"49":{"start":{"line":97,"column":26},"end":{"line":97,"column":54}},"50":{"start":{"line":99,"column":8},"end":{"line":101,"column":9}},"51":{"start":{"line":100,"column":12},"end":{"line":100,"column":76}},"52":{"start":{"line":103,"column":8},"end":{"line":103,"column":47}},"53":{"start":{"line":106,"column":8},"end":{"line":106,"column":29}},"54":{"start":{"line":107,"column":8},"end":{"line":107,"column":90}},"55":{"start":{"line":93,"column":13},"end":{"line":93,"column":32}},"56":{"start":{"line":111,"column":31},"end":{"line":161,"column":1}},"57":{"start":{"line":112,"column":4},"end":{"line":160,"column":5}},"58":{"start":{"line":113,"column":23},"end":{"line":113,"column":33}},"59":{"start":{"line":114,"column":27},"end":{"line":114,"column":35}},"60":{"start":{"line":116,"column":26},"end":{"line":116,"column":54}},"61":{"start":{"line":117,"column":8},"end":{"line":119,"column":9}},"62":{"start":{"line":118,"column":12},"end":{"line":118,"column":76}},"63":{"start":{"line":121,"column":31},"end":{"line":121,"column":109}},"64":{"start":{"line":122,"column":8},"end":{"line":126,"column":null}},"65":{"start":{"line":123,"column":12},"end":{"line":125,"column":13}},"66":{"start":{"line":124,"column":17},"end":{"line":124,"column":62}},"67":{"start":{"line":128,"column":40},"end":{"line":128,"column":42}},"68":{"start":{"line":129,"column":8},"end":{"line":133,"column":9}},"69":{"start":{"line":130,"column":13},"end":{"line":132,"column":15}},"70":{"start":{"line":131,"column":16},"end":{"line":131,"column":64}},"71":{"start":{"line":135,"column":41},"end":{"line":135,"column":86}},"72":{"start":{"line":137,"column":8},"end":{"line":145,"column":9}},"73":{"start":{"line":138,"column":12},"end":{"line":144,"column":15}},"74":{"start":{"line":139,"column":37},"end":{"line":139,"column":71}},"75":{"start":{"line":140,"column":16},"end":{"line":142,"column":17}},"76":{"start":{"line":141,"column":20},"end":{"line":141,"column":42}},"77":{"start":{"line":143,"column":16},"end":{"line":143,"column":37}},"78":{"start":{"line":147,"column":8},"end":{"line":149,"column":9}},"79":{"start":{"line":148,"column":12},"end":{"line":148,"column":52}},"80":{"start":{"line":151,"column":8},"end":{"line":151,"column":31}},"81":{"start":{"line":153,"column":8},"end":{"line":156,"column":11}},"82":{"start":{"line":158,"column":8},"end":{"line":158,"column":29}},"83":{"start":{"line":159,"column":8},"end":{"line":159,"column":83}},"84":{"start":{"line":111,"column":13},"end":{"line":111,"column":31}},"85":{"start":{"line":163,"column":31},"end":{"line":184,"column":1}},"86":{"start":{"line":164,"column":4},"end":{"line":183,"column":5}},"87":{"start":{"line":165,"column":23},"end":{"line":165,"column":33}},"88":{"start":{"line":167,"column":26},"end":{"line":167,"column":54}},"89":{"start":{"line":169,"column":8},"end":{"line":171,"column":9}},"90":{"start":{"line":170,"column":12},"end":{"line":170,"column":76}},"91":{"start":{"line":173,"column":8},"end":{"line":173,"column":36}},"92":{"start":{"line":175,"column":8},"end":{"line":177,"column":11}},"93":{"start":{"line":176,"column":12},"end":{"line":176,"column":34}},"94":{"start":{"line":179,"column":8},"end":{"line":179,"column":98}},"95":{"start":{"line":181,"column":8},"end":{"line":181,"column":29}},"96":{"start":{"line":182,"column":8},"end":{"line":182,"column":83}},"97":{"start":{"line":163,"column":13},"end":{"line":163,"column":31}}},"fnMap":{"0":{"name":"(anonymous_1)","decl":{"start":{"line":6,"column":19},"end":{"line":6,"column":20}},"loc":{"start":{"line":6,"column":40},"end":{"line":11,"column":1}}},"1":{"name":"(anonymous_2)","decl":{"start":{"line":8,"column":24},"end":{"line":8,"column":25}},"loc":{"start":{"line":8,"column":32},"end":{"line":10,"column":5}}},"2":{"name":"(anonymous_3)","decl":{"start":{"line":13,"column":31},"end":{"line":13,"column":36}},"loc":{"start":{"line":13,"column":69},"end":{"line":46,"column":1}}},"3":{"name":"(anonymous_4)","decl":{"start":{"line":30,"column":68},"end":{"line":30,"column":72}},"loc":{"start":{"line":30,"column":76},"end":{"line":30,"column":103}}},"4":{"name":"(anonymous_5)","decl":{"start":{"line":48,"column":30},"end":{"line":48,"column":35}},"loc":{"start":{"line":48,"column":68},"end":{"line":91,"column":1}}},"5":{"name":"(anonymous_6)","decl":{"start":{"line":62,"column":45},"end":{"line":62,"column":54}},"loc":{"start":{"line":62,"column":59},"end":{"line":66,"column":10}}},"6":{"name":"(anonymous_7)","decl":{"start":{"line":93,"column":32},"end":{"line":93,"column":37}},"loc":{"start":{"line":93,"column":70},"end":{"line":109,"column":1}}},"7":{"name":"(anonymous_8)","decl":{"start":{"line":111,"column":31},"end":{"line":111,"column":36}},"loc":{"start":{"line":111,"column":69},"end":{"line":161,"column":1}}},"8":{"name":"(anonymous_9)","decl":{"start":{"line":122,"column":31},"end":{"line":122,"column":36}},"loc":{"start":{"line":122,"column":39},"end":{"line":126,"column":9}}},"9":{"name":"(anonymous_10)","decl":{"start":{"line":130,"column":57},"end":{"line":130,"column":61}},"loc":{"start":{"line":130,"column":64},"end":{"line":132,"column":13}}},"10":{"name":"(anonymous_11)","decl":{"start":{"line":138,"column":55},"end":{"line":138,"column":64}},"loc":{"start":{"line":138,"column":67},"end":{"line":144,"column":13}}},"11":{"name":"(anonymous_12)","decl":{"start":{"line":163,"column":31},"end":{"line":163,"column":36}},"loc":{"start":{"line":163,"column":69},"end":{"line":184,"column":1}}},"12":{"name":"(anonymous_13)","decl":{"start":{"line":175,"column":33},"end":{"line":175,"column":42}},"loc":{"start":{"line":175,"column":45},"end":{"line":177,"column":9}}}},"branchMap":{"0":{"loc":{"start":{"line":9,"column":8},"end":{"line":9,"column":74}},"type":"if","locations":[{"start":{"line":9,"column":8},"end":{"line":9,"column":74}},{"start":{},"end":{}}]},"1":{"loc":{"start":{"line":17,"column":8},"end":{"line":19,"column":9}},"type":"if","locations":[{"start":{"line":17,"column":8},"end":{"line":19,"column":9}},{"start":{},"end":{}}]},"2":{"loc":{"start":{"line":17,"column":12},"end":{"line":17,"column":91}},"type":"binary-expr","locations":[{"start":{"line":17,"column":12},"end":{"line":17,"column":21}},{"start":{"line":17,"column":25},"end":{"line":17,"column":35}},{"start":{"line":17,"column":39},"end":{"line":17,"column":58}},{"start":{"line":17,"column":62},"end":{"line":17,"column":74}},{"start":{"line":17,"column":78},"end":{"line":17,"column":91}}]},"3":{"loc":{"start":{"line":22,"column":8},"end":{"line":24,"column":9}},"type":"if","locations":[{"start":{"line":22,"column":8},"end":{"line":24,"column":9}},{"start":{},"end":{}}]},"4":{"loc":{"start":{"line":26,"column":8},"end":{"line":28,"column":9}},"type":"if","locations":[{"start":{"line":26,"column":8},"end":{"line":28,"column":9}},{"start":{},"end":{}}]},"5":{"loc":{"start":{"line":26,"column":12},"end":{"line":26,"column":48}},"type":"binary-expr","locations":[{"start":{"line":26,"column":12},"end":{"line":26,"column":22}},{"start":{"line":26,"column":26},"end":{"line":26,"column":48}}]},"6":{"loc":{"start":{"line":50,"column":21},"end":{"line":50,"column":60}},"type":"binary-expr","locations":[{"start":{"line":50,"column":21},"end":{"line":50,"column":55}},{"start":{"line":50,"column":59},"end":{"line":50,"column":60}}]},"7":{"loc":{"start":{"line":51,"column":22},"end":{"line":51,"column":62}},"type":"binary-expr","locations":[{"start":{"line":51,"column":22},"end":{"line":51,"column":57}},{"start":{"line":51,"column":61},"end":{"line":51,"column":62}}]},"8":{"loc":{"start":{"line":65,"column":20},"end":{"line":65,"column":76}},"type":"cond-expr","locations":[{"start":{"line":65,"column":50},"end":{"line":65,"column":69}},{"start":{"line":65,"column":72},"end":{"line":65,"column":76}}]},"9":{"loc":{"start":{"line":69,"column":8},"end":{"line":71,"column":9}},"type":"if","locations":[{"start":{"line":69,"column":8},"end":{"line":71,"column":9}},{"start":{},"end":{}}]},"10":{"loc":{"start":{"line":74,"column":8},"end":{"line":76,"column":9}},"type":"if","locations":[{"start":{"line":74,"column":8},"end":{"line":76,"column":9}},{"start":{},"end":{}}]},"11":{"loc":{"start":{"line":99,"column":8},"end":{"line":101,"column":9}},"type":"if","locations":[{"start":{"line":99,"column":8},"end":{"line":101,"column":9}},{"start":{},"end":{}}]},"12":{"loc":{"start":{"line":117,"column":8},"end":{"line":119,"column":9}},"type":"if","locations":[{"start":{"line":117,"column":8},"end":{"line":119,"column":9}},{"start":{},"end":{}}]},"13":{"loc":{"start":{"line":123,"column":12},"end":{"line":125,"column":13}},"type":"if","locations":[{"start":{"line":123,"column":12},"end":{"line":125,"column":13}},{"start":{},"end":{}}]},"14":{"loc":{"start":{"line":129,"column":8},"end":{"line":133,"column":9}},"type":"if","locations":[{"start":{"line":129,"column":8},"end":{"line":133,"column":9}},{"start":{},"end":{}}]},"15":{"loc":{"start":{"line":129,"column":12},"end":{"line":129,"column":73}},"type":"binary-expr","locations":[{"start":{"line":129,"column":12},"end":{"line":129,"column":21}},{"start":{"line":129,"column":25},"end":{"line":129,"column":49}},{"start":{"line":129,"column":53},"end":{"line":129,"column":73}}]},"16":{"loc":{"start":{"line":135,"column":52},"end":{"line":135,"column":85}},"type":"binary-expr","locations":[{"start":{"line":135,"column":52},"end":{"line":135,"column":77}},{"start":{"line":135,"column":81},"end":{"line":135,"column":85}}]},"17":{"loc":{"start":{"line":137,"column":8},"end":{"line":145,"column":9}},"type":"if","locations":[{"start":{"line":137,"column":8},"end":{"line":145,"column":9}},{"start":{},"end":{}}]},"18":{"loc":{"start":{"line":140,"column":16},"end":{"line":142,"column":17}},"type":"if","locations":[{"start":{"line":140,"column":16},"end":{"line":142,"column":17}},{"start":{},"end":{}}]},"19":{"loc":{"start":{"line":147,"column":8},"end":{"line":149,"column":9}},"type":"if","locations":[{"start":{"line":147,"column":8},"end":{"line":149,"column":9}},{"start":{},"end":{}}]},"20":{"loc":{"start":{"line":169,"column":8},"end":{"line":171,"column":9}},"type":"if","locations":[{"start":{"line":169,"column":8},"end":{"line":171,"column":9}},{"start":{},"end":{}}]}},"s":{"0":1,"1":1,"2":1,"3":1,"4":1,"5":1,"6":1,"7":0,"8":1,"9":5,"10":5,"11":5,"12":1,"13":4,"14":4,"15":1,"16":3,"17":1,"18":2,"19":4,"20":2,"21":2,"22":2,"23":0,"24":0,"25":1,"26":1,"27":2,"28":2,"29":2,"30":2,"31":2,"32":2,"33":2,"34":2,"35":6,"36":2,"37":2,"38":1,"39":2,"40":2,"41":1,"42":2,"43":0,"44":0,"45":1,"46":1,"47":2,"48":2,"49":2,"50":2,"51":1,"52":1,"53":0,"54":0,"55":1,"56":1,"57":2,"58":2,"59":2,"60":2,"61":2,"62":1,"63":1,"64":1,"65":5,"66":1,"67":1,"68":1,"69":1,"70":1,"71":1,"72":1,"73":1,"74":1,"75":1,"76":1,"77":1,"78":1,"79":1,"80":1,"81":1,"82":0,"83":0,"84":1,"85":1,"86":2,"87":2,"88":2,"89":2,"90":1,"91":1,"92":1,"93":0,"94":1,"95":0,"96":0,"97":1},"f":{"0":1,"1":1,"2":5,"3":4,"4":2,"5":6,"6":2,"7":2,"8":5,"9":1,"10":1,"11":2,"12":0},"b":{"0":[0,1],"1":[1,4],"2":[5,5,5,5,5],"3":[1,3],"4":[1,2],"5":[3,3],"6":[2,0],"7":[2,0],"8":[6,0],"9":[1,1],"10":[1,1],"11":[1,1],"12":[1,1],"13":[1,4],"14":[1,0],"15":[1,1,1],"16":[1,0],"17":[1,0],"18":[1,0],"19":[1,0],"20":[1,1]}}
,"D:\\superheros_app\\server\\src\\middlewares\\upload.ts": {"path":"D:\\superheros_app\\server\\src\\middlewares\\upload.ts","statementMap":{"0":{"start":{"line":1,"column":0},"end":{"line":1,"column":28}},"1":{"start":{"line":2,"column":0},"end":{"line":2,"column":24}},"2":{"start":{"line":4,"column":16},"end":{"line":12,"column":2}},"3":{"start":{"line":6,"column":4},"end":{"line":6,"column":25}},"4":{"start":{"line":9,"column":25},"end":{"line":9,"column":75}},"5":{"start":{"line":10,"column":4},"end":{"line":10,"column":61}},"6":{"start":{"line":14,"column":15},"end":{"line":14,"column":43}},"7":{"start":{"line":16,"column":0},"end":{"line":16,"column":22}}},"fnMap":{"0":{"name":"(anonymous_1)","decl":{"start":{"line":5,"column":15},"end":{"line":5,"column":16}},"loc":{"start":{"line":5,"column":33},"end":{"line":7,"column":3}}},"1":{"name":"(anonymous_2)","decl":{"start":{"line":8,"column":12},"end":{"line":8,"column":13}},"loc":{"start":{"line":8,"column":30},"end":{"line":11,"column":3}}}},"branchMap":{},"s":{"0":1,"1":1,"2":1,"3":9,"4":9,"5":9,"6":1,"7":1},"f":{"0":9,"1":9},"b":{}}
,"D:\\superheros_app\\server\\src\\models\\Superhero.ts": {"path":"D:\\superheros_app\\server\\src\\models\\Superhero.ts","statementMap":{"0":{"start":{"line":1,"column":0},"end":{"line":1,"column":54}},"1":{"start":{"line":15,"column":32},"end":{"line":22,"column":24}},"2":{"start":{"line":24,"column":18},"end":{"line":24,"column":74}},"3":{"start":{"line":26,"column":0},"end":{"line":26,"column":25}}},"fnMap":{},"branchMap":{},"s":{"0":1,"1":1,"2":1,"3":1},"f":{},"b":{}}
,"D:\\superheros_app\\server\\src\\routes\\superheroRoutes.ts": {"path":"D:\\superheros_app\\server\\src\\routes\\superheroRoutes.ts","statementMap":{"0":{"start":{"line":1,"column":0},"end":{"line":1,"column":135}},"1":{"start":{"line":2,"column":0},"end":{"line":2,"column":41}},"2":{"start":{"line":3,"column":0},"end":{"line":3,"column":33}},"3":{"start":{"line":5,"column":15},"end":{"line":5,"column":23}},"4":{"start":{"line":7,"column":0},"end":{"line":7,"column":67}},"5":{"start":{"line":8,"column":0},"end":{"line":8,"column":35}},"6":{"start":{"line":9,"column":0},"end":{"line":9,"column":37}},"7":{"start":{"line":10,"column":0},"end":{"line":10,"column":70}},"8":{"start":{"line":11,"column":0},"end":{"line":11,"column":46}},"9":{"start":{"line":13,"column":0},"end":{"line":13,"column":22}}},"fnMap":{},"branchMap":{},"s":{"0":1,"1":1,"2":1,"3":1,"4":1,"5":1,"6":1,"7":1,"8":1,"9":1},"f":{},"b":{}}
}
