TN:
SF:src\app.ts
FNF:0
FNH:0
DA:1,1
DA:2,1
DA:3,1
DA:5,1
DA:6,1
DA:7,1
DA:8,1
DA:11,1
DA:14,1
LF:9
LH:9
BRF:0
BRH:0
end_of_record
TN:
SF:src\controllers\superheroController.ts
FN:6,(anonymous_1)
FN:8,(anonymous_2)
FN:13,(anonymous_3)
FN:30,(anonymous_4)
FN:48,(anonymous_5)
FN:62,(anonymous_6)
FN:93,(anonymous_7)
FN:111,(anonymous_8)
FN:122,(anonymous_9)
FN:130,(anonymous_10)
FN:138,(anonymous_11)
FN:163,(anonymous_12)
FN:175,(anonymous_13)
FNF:13
FNH:12
FNDA:1,(anonymous_1)
FNDA:1,(anonymous_2)
FNDA:5,(anonymous_3)
FNDA:4,(anonymous_4)
FNDA:2,(anonymous_5)
FNDA:6,(anonymous_6)
FNDA:2,(anonymous_7)
FNDA:2,(anonymous_8)
FNDA:5,(anonymous_9)
FNDA:1,(anonymous_10)
FNDA:1,(anonymous_11)
FNDA:2,(anonymous_12)
FNDA:0,(anonymous_13)
DA:2,1
DA:3,1
DA:4,1
DA:6,1
DA:7,1
DA:8,1
DA:9,1
DA:13,1
DA:14,5
DA:15,5
DA:17,5
DA:18,1
DA:21,4
DA:22,4
DA:23,1
DA:26,3
DA:27,1
DA:30,4
DA:32,2
DA:37,2
DA:38,2
DA:43,0
DA:44,0
DA:48,1
DA:49,2
DA:50,2
DA:51,2
DA:52,2
DA:54,2
DA:59,2
DA:60,2
DA:62,6
DA:68,2
DA:69,2
DA:70,1
DA:73,2
DA:74,2
DA:75,1
DA:78,2
DA:88,0
DA:89,0
DA:93,1
DA:94,2
DA:95,2
DA:97,2
DA:99,2
DA:100,1
DA:103,1
DA:106,0
DA:107,0
DA:111,1
DA:112,2
DA:113,2
DA:114,2
DA:116,2
DA:117,2
DA:118,1
DA:121,1
DA:122,1
DA:123,5
DA:124,1
DA:128,1
DA:129,1
DA:130,1
DA:131,1
DA:135,1
DA:137,1
DA:138,1
DA:139,1
DA:140,1
DA:141,1
DA:143,1
DA:147,1
DA:148,1
DA:151,1
DA:153,1
DA:158,0
DA:159,0
DA:163,1
DA:164,2
DA:165,2
DA:167,2
DA:169,2
DA:170,1
DA:173,1
DA:175,1
DA:176,0
DA:179,1
DA:181,0
DA:182,0
LF:90
LH:79
BRDA:9,0,0,0
BRDA:9,0,1,1
BRDA:17,1,0,1
BRDA:17,1,1,4
BRDA:17,2,0,5
BRDA:17,2,1,5
BRDA:17,2,2,5
BRDA:17,2,3,5
BRDA:17,2,4,5
BRDA:22,3,0,1
BRDA:22,3,1,3
BRDA:26,4,0,1
BRDA:26,4,1,2
BRDA:26,5,0,3
BRDA:26,5,1,3
BRDA:50,6,0,2
BRDA:50,6,1,0
BRDA:51,7,0,2
BRDA:51,7,1,0
BRDA:65,8,0,6
BRDA:65,8,1,0
BRDA:69,9,0,1
BRDA:69,9,1,1
BRDA:74,10,0,1
BRDA:74,10,1,1
BRDA:99,11,0,1
BRDA:99,11,1,1
BRDA:117,12,0,1
BRDA:117,12,1,1
BRDA:123,13,0,1
BRDA:123,13,1,4
BRDA:129,14,0,1
BRDA:129,14,1,0
BRDA:129,15,0,1
BRDA:129,15,1,1
BRDA:129,15,2,1
BRDA:135,16,0,1
BRDA:135,16,1,0
BRDA:137,17,0,1
BRDA:137,17,1,0
BRDA:140,18,0,1
BRDA:140,18,1,0
BRDA:147,19,0,1
BRDA:147,19,1,0
BRDA:169,20,0,1
BRDA:169,20,1,1
BRF:46
BRH:37
end_of_record
TN:
SF:src\middlewares\upload.ts
FN:5,(anonymous_1)
FN:8,(anonymous_2)
FNF:2
FNH:2
FNDA:9,(anonymous_1)
FNDA:9,(anonymous_2)
DA:1,1
DA:2,1
DA:4,1
DA:6,9
DA:9,9
DA:10,9
DA:14,1
DA:16,1
LF:8
LH:8
BRF:0
BRH:0
end_of_record
TN:
SF:src\models\Superhero.ts
FNF:0
FNH:0
DA:1,1
DA:15,1
DA:24,1
DA:26,1
LF:4
LH:4
BRF:0
BRH:0
end_of_record
TN:
SF:src\routes\superheroRoutes.ts
FNF:0
FNH:0
DA:1,1
DA:2,1
DA:3,1
DA:5,1
DA:7,1
DA:8,1
DA:9,1
DA:10,1
DA:11,1
DA:13,1
LF:10
LH:10
BRF:0
BRH:0
end_of_record
